t=2026-02-24T13:54:33+0100 lvl=info msg="command usage" msg="Flag --domain has been deprecated, use --url instead"
t=2026-02-24T13:54:33+0100 lvl=info msg="no configuration paths supplied"
t=2026-02-24T13:54:33+0100 lvl=info msg="using configuration at default config path" path="/Users/dejny/Library/Application Support/ngrok/ngrok.yml"
t=2026-02-24T13:54:33+0100 lvl=info msg="open config file" path="/Users/dejny/Library/Application Support/ngrok/ngrok.yml" err=nil
t=2026-02-24T13:54:33+0100 lvl=info msg="FIPS 140 mode" enabled=false
t=2026-02-24T13:54:33+0100 lvl=info msg="starting web service" obj=web addr=127.0.0.1:4040 allow_hosts=[]
t=2026-02-24T13:54:34+0100 lvl=info msg="update available" obj=updater
t=2026-02-24T13:54:34+0100 lvl=info msg="client session established" obj=tunnels.session
t=2026-02-24T13:54:34+0100 lvl=info msg="tunnel session started" obj=tunnels.session
t=2026-02-24T13:54:34+0100 lvl=info msg="started tunnel" obj=tunnels name=command_line addr=http://localhost:3000 url=https://interpolative-noemi-inhomogeneously.ngrok-free.dev
t=2026-02-24T13:56:29+0100 lvl=info msg="join connections" obj=join id=25f84fadeeba l=[::1]:3000 r=[2001:1aef:1a7:e38f:792f:db20:36ae:19e4]:56853
t=2026-02-24T13:56:30+0100 lvl=info msg="join connections" obj=join id=385ad87fb550 l=[::1]:3000 r=[2001:1aef:1a7:e38f:792f:db20:36ae:19e4]:56853
t=2026-02-24T13:56:52+0100 lvl=info msg="join connections" obj=join id=c94d704ed53c l=[::1]:3000 r=[2001:1aef:1a7:e38f:792f:db20:36ae:19e4]:56853
t=2026-02-24T13:56:52+0100 lvl=info msg="join connections" obj=join id=5e6071f8e966 l=[::1]:3000 r=[2001:1aef:1a7:e38f:792f:db20:36ae:19e4]:56853
t=2026-02-24T13:56:59+0100 lvl=info msg="join connections" obj=join id=c7f05bfe2d00 l=[::1]:3000 r=[2001:1aef:1a7:e38f:792f:db20:36ae:19e4]:56853
t=2026-02-24T13:57:07+0100 lvl=info msg="join connections" obj=join id=d7ae83008491 l=[::1]:3000 r=[2001:1aef:1a7:e38f:792f:db20:36ae:19e4]:56853
t=2026-02-24T13:57:44+0100 lvl=info msg="join connections" obj=join id=ca5a19e2fce0 l=[::1]:3000 r=[2001:1aef:1a7:e38f:792f:db20:36ae:19e4]:56853
t=2026-02-24T13:57:48+0100 lvl=info msg="join connections" obj=join id=58d42cab001f l=[::1]:3000 r=[2001:1aef:1a7:e38f:792f:db20:36ae:19e4]:56853
t=2026-02-24T13:57:55+0100 lvl=info msg="join connections" obj=join id=a3f2f796ce4a l=[::1]:3000 r=[2001:1aef:1a7:e38f:792f:db20:36ae:19e4]:56857
t=2026-02-24T13:59:38+0100 lvl=eror msg="session closed, starting reconnect loop" obj=tunnels.session obj=csess id=2a7421657028 err="read EOF from remote peer"
t=2026-02-24T13:59:40+0100 lvl=info msg="client session established" obj=tunnels.session
t=2026-02-24T13:59:40+0100 lvl=info msg="tunnel session started" obj=tunnels.session
t=2026-02-24T13:59:43+0100 lvl=info msg="join connections" obj=join id=8a1cd49ddac9 l=[::1]:3000 r=[2001:1aef:1a7:e38f:792f:db20:36ae:19e4]:56870
t=2026-02-24T13:59:52+0100 lvl=eror msg="heartbeat timeout, terminating session" obj=tunnels.session obj=csess id=6a9792126faa clientid=e7bd5ccdcbd0bb192d1e5313541181aa
t=2026-02-24T13:59:58+0100 lvl=info msg="join connections" obj=join id=a4477e5e81be l=[::1]:3000 r=[2001:1aef:1a7:e38f:792f:db20:36ae:19e4]:56870
t=2026-02-24T13:59:58+0100 lvl=info msg="join connections" obj=join id=43161c906470 l=[::1]:3000 r=[2001:1aef:1a7:e38f:792f:db20:36ae:19e4]:56870
t=2026-02-24T14:00:07+0100 lvl=info msg="join connections" obj=join id=f3738c23e46f l=[::1]:3000 r=[2001:1aef:1a7:e38f:792f:db20:36ae:19e4]:56870
t=2026-02-24T14:00:07+0100 lvl=info msg="join connections" obj=join id=fd9b34c14827 l=[::1]:3000 r=[2001:1aef:1a7:e38f:792f:db20:36ae:19e4]:56870
t=2026-02-24T14:00:20+0100 lvl=info msg="join connections" obj=join id=1233710c84e6 l=[::1]:3000 r=[2001:1aef:1a7:e38f:792f:db20:36ae:19e4]:56870
t=2026-02-24T14:00:20+0100 lvl=info msg="join connections" obj=join id=83277be69fee l=[::1]:3000 r=[2001:1aef:1a7:e38f:792f:db20:36ae:19e4]:56870
t=2026-02-24T14:01:35+0100 lvl=info msg="join connections" obj=join id=c2357ab69bfb l=[::1]:3000 r=[2001:1aef:1a7:e38f:792f:db20:36ae:19e4]:56870
t=2026-02-24T14:01:39+0100 lvl=info msg="join connections" obj=join id=e060ad4fada4 l=[::1]:3000 r=[2001:1aef:1a7:e38f:792f:db20:36ae:19e4]:56881
t=2026-02-24T14:01:43+0100 lvl=info msg="join connections" obj=join id=f398aa5509d0 l=[::1]:3000 r=[2001:1aef:1a7:e38f:792f:db20:36ae:19e4]:56870
t=2026-02-24T14:01:43+0100 lvl=info msg="join connections" obj=join id=22b0e0cb295d l=[::1]:3000 r=[2001:1aef:1a7:e38f:792f:db20:36ae:19e4]:56870
t=2026-02-24T14:02:07+0100 lvl=info msg="join connections" obj=join id=d86787f04c3f l=[::1]:3000 r=[2001:1aef:1a7:e38f:792f:db20:36ae:19e4]:56870
t=2026-02-24T14:03:47+0100 lvl=info msg="join connections" obj=join id=207443760ef3 l=[::1]:3000 r=[2001:1aef:1a7:e38f:792f:db20:36ae:19e4]:56870
t=2026-02-24T14:03:47+0100 lvl=info msg="join connections" obj=join id=6e8375e96d3c l=[::1]:3000 r=[2001:1aef:1a7:e38f:792f:db20:36ae:19e4]:56870
t=2026-02-24T14:04:07+0100 lvl=info msg="join connections" obj=join id=d10e128fb59c l=[::1]:3000 r=[2001:1aef:1a7:e38f:792f:db20:36ae:19e4]:56870
t=2026-02-24T14:04:07+0100 lvl=info msg="join connections" obj=join id=92911825cf79 l=[::1]:3000 r=[2001:1aef:1a7:e38f:792f:db20:36ae:19e4]:56870
t=2026-02-24T14:11:43+0100 lvl=info msg="join connections" obj=join id=8c20fdab59b3 l=[::1]:3000 r=[2001:1aef:1a7:e38f:792f:db20:36ae:19e4]:56920
t=2026-02-24T14:11:43+0100 lvl=info msg="join connections" obj=join id=7641c5b8d435 l=[::1]:3000 r=[2001:1aef:1a7:e38f:792f:db20:36ae:19e4]:56920
t=2026-02-24T14:13:52+0100 lvl=info msg="join connections" obj=join id=11eecc5e450f l=[::1]:3000 r=[2001:1aef:1a7:e38f:792f:db20:36ae:19e4]:56928
t=2026-02-24T14:13:53+0100 lvl=info msg="join connections" obj=join id=fd39a6a42d90 l=[::1]:3000 r=[2001:1aef:1a7:e38f:792f:db20:36ae:19e4]:56928
